From jacob at clearwater.cityinthe.cloud  Thu Jun 14 11:17:30 2018
From: jacob at clearwater.cityinthe.cloud (Jacob Levi)
Date: Thu, 14 Jun 2018 12:17:30 -0400
Subject: [water_quality_sensor-l] Directions
Message-ID: <CANfbB+X-RuL0UqoC95NOnmHUOc2RbvYE3WaSWZfo3js3to-GNQ@mail.gmail.com>

Hey y'all,

Has anyone written up any kind of specific instructions for calibrating the
sensor? I've been getting strange readings and wanted to re-calibrate. Just
wanted to see before I started on it.

Thanks,
*Jacob Levi*
Water Safety Technician
jacob at clearwater.cityinthe.cloud
(office) 913-555-6048
*"Your water, Our mission!"*

-- 


-------------- next part --------------
An HTML attachment was scrubbed...

From kmor at yahoo.com  Thu Jun 14 11:32:12 2018
From: kmor at yahoo.com (Ken Morneault)
Date: Thu, 14 Jun 2018 16:32:12 +0000 (UTC)
Subject: [water_quality_sensor-l] Directions
In-Reply-To: <CANfbB+X-RuL0UqoC95NOnmHUOc2RbvYE3WaSWZfo3js3to-GNQ@mail.gmail.com>
References: <CANfbB+X-RuL0UqoC95NOnmHUOc2RbvYE3WaSWZfo3js3to-GNQ@mail.gmail.com>
Message-ID: <472322131.5520277.1528993932861@mail.yahoo.com>

 

Here is the material from the manual.
Regards,
Ken
    On Thursday, June 14, 2018, 12:18:22 PM EDT, Jacob Levi <jacob at clearwater.cityinthe.cloud> wrote:  
 
 Hey y'all,
Has anyone written up any kind of specific instructions for calibrating the sensor? I've been getting strange readings and wanted to re-calibrate. Just wanted to see before I started on it.
Thanks,
Jacob Levi Water Safety Technicianjacob at clearwater.cityinthe.cloud(office) 913-555-6048?"Your water, Our mission!"



_______________________________________________
water_quality_sensor-l mailing list
  
-------------- next part --------------
An HTML attachment was scrubbed...
-------------- next part --------------
A non-text attachment was scrubbed...
Name: R4_Innovations_Open_Source_Sensor_Calibration.pdf
Type: application/pdf
Size: 804758 bytes
Desc: not available

From jsterling at clearwater.cityinthe.cloud  Thu Jun 14 14:34:49 2018
From: jsterling at clearwater.cityinthe.cloud (Jessica Sterling)
Date: Thu, 14 Jun 2018 19:34:49 +0000
Subject: [water_quality_sensor-l] Directions
In-Reply-To: <CANfbB+X-RuL0UqoC95NOnmHUOc2RbvYE3WaSWZfo3js3to-GNQ@mail.gmail.com>
References: <CANfbB+X-RuL0UqoC95NOnmHUOc2RbvYE3WaSWZfo3js3to-GNQ@mail.gmail.com>
Message-ID: <MWHPR16MB16479E89B21909A3BCDA6441B07D0@MWHPR16MB1647.namprd16.prod.outlook.com>

I have been using the instructions that Greg wrote up that are in the back of the manual.


Jessica Sterling
Technical Programs Director
404-555-9878
jsterling at clearwater.cityinthe.cloud<mailto:jsterling at clearwater.cityinthe.cloud>


